{"meta": {"format": 2, "version": "7.4.4", "timestamp": "2024-05-02T23:25:25.727837", "branch_coverage": false, "show_contexts": false}, "files": {"app/services/email_service.py": {"executed_lines": [2, 3, 4, 5, 6, 8, 9, 10, 16, 18, 31], "summary": {"covered_lines": 11, "num_statements": 18, "percent_covered": 61.111111111111114, "percent_covered_display": "61", "missing_lines": 7, "excluded_lines": 0}, "missing_lines": [19, 25, 26, 28, 29, 32, 33], "excluded_lines": []}}, "totals": {"covered_lines": 11, "num_statements": 18, "percent_covered": 61.111111111111114, "percent_covered_display": "61", "missing_lines": 7, "excluded_lines": 0}}